# JRE version: Java(TM) SE Runtime Environment (22.0+36) (build 22+36-2370)
# Java VM: Java HotSpot(TM) 64-Bit Server VM (22+36-2370, mixed mode, sharing, tiered, compressed oops, compressed class ptrs, g1 gc, bsd-amd64)
GC Precious Log:
 CardTable entry size: 512
 Card Set container configuration: InlinePtr #cards 4 size 8 Array Of Cards #cards 32 size 80 Howl #buckets 8 coarsen threshold 7372 Howl Bitmap #cards 1024 size 144 coarsen threshold 921 Card regions per heap region 1 cards per card region 8192
 CPUs: 12 total, 12 available
 Memory: 32768M
 Large Page Support: Disabled
 NUMA Support: Disabled
 Compressed Oops: Enabled (Zero based)
 Heap Region Size: 4M
 Heap Min Capacity: 8M
 Heap Initial Capacity: 512M
 Heap Max Capacity: 8G
 Pre-touch: Disabled
 Parallel Workers: 10
 Concurrent Workers: 3
 Concurrent Refinement Workers: 10
 Periodic GC: Disabled
Heap:
 garbage-first heap   total reserved 8388608K, committed 528384K, used 265307K [0x0000000600000000, 0x0000000800000000)
  region size 4096K, 66 young (270336K), 5 survivors (20480K)
 Metaspace       used 20130K, committed 20416K, reserved 1114112K
  class space    used 2990K, committed 3136K, reserved 1048576K
GC Heap History (20 events):
Event: 2.749 GC heap before
{Heap before GC invocations=1 (full 0):
 garbage-first heap   total reserved 8388608K, committed 528384K, used 26524K [0x0000000600000000, 0x0000000800000000)
  region size 4096K, 7 young (28672K), 1 survivors (4096K)
 Metaspace       used 14295K, committed 14592K, reserved 1114112K
  class space    used 2172K, committed 2304K, reserved 1048576K
}
Event: 2.754 GC heap after
{Heap after GC invocations=2 (full 0):
 garbage-first heap   total reserved 8388608K, committed 528384K, used 9109K [0x0000000600000000, 0x0000000800000000)
  region size 4096K, 1 young (4096K), 1 survivors (4096K)
 Metaspace       used 14295K, committed 14592K, reserved 1114112K
  class space    used 2172K, committed 2304K, reserved 1048576K
}
Event: 5.225 GC heap before
{Heap before GC invocations=2 (full 0):
 garbage-first heap   total reserved 8388608K, committed 528384K, used 66453K [0x0000000600000000, 0x0000000800000000)
  region size 4096K, 16 young (65536K), 1 survivors (4096K)
 Metaspace       used 15633K, committed 15936K, reserved 1114112K
  class space    used 2402K, committed 2496K, reserved 1048576K
}
Event: 5.227 GC heap after
{Heap after GC invocations=3 (full 0):
 garbage-first heap   total reserved 8388608K, committed 528384K, used 9843K [0x0000000600000000, 0x0000000800000000)
  region size 4096K, 1 young (4096K), 1 survivors (4096K)
 Metaspace       used 15633K, committed 15936K, reserved 1114112K
  class space    used 2402K, committed 2496K, reserved 1048576K
}
Event: 16.347 GC heap before
{Heap before GC invocations=3 (full 0):
 garbage-first heap   total reserved 8388608K, committed 528384K, used 312947K [0x0000000600000000, 0x0000000800000000)
  region size 4096K, 76 young (311296K), 1 survivors (4096K)
 Metaspace       used 19498K, committed 19840K, reserved 1114112K
  class space    used 2988K, committed 3136K, reserved 1048576K
}
Event: 16.352 GC heap after
{Heap after GC invocations=4 (full 0):
 garbage-first heap   total reserved 8388608K, committed 528384K, used 15947K [0x0000000600000000, 0x0000000800000000)
  region size 4096K, 3 young (12288K), 3 survivors (12288K)
 Metaspace       used 19498K, committed 19840K, reserved 1114112K
  class space    used 2988K, committed 3136K, reserved 1048576K
}
Event: 22.672 GC heap before
{Heap before GC invocations=4 (full 0):
 garbage-first heap   total reserved 8388608K, committed 528384K, used 310859K [0x0000000600000000, 0x0000000800000000)
  region size 4096K, 76 young (311296K), 3 survivors (12288K)
 Metaspace       used 19691K, committed 20032K, reserved 1114112K
  class space    used 2988K, committed 3136K, reserved 1048576K
}
Event: 22.674 GC heap after
{Heap after GC invocations=5 (full 0):
 garbage-first heap   total reserved 8388608K, committed 528384K, used 18424K [0x0000000600000000, 0x0000000800000000)
  region size 4096K, 3 young (12288K), 3 survivors (12288K)
 Metaspace       used 19691K, committed 20032K, reserved 1114112K
  class space    used 2988K, committed 3136K, reserved 1048576K
}
Event: 30.662 GC heap before
{Heap before GC invocations=5 (full 0):
 garbage-first heap   total reserved 8388608K, committed 528384K, used 313336K [0x0000000600000000, 0x0000000800000000)
  region size 4096K, 76 young (311296K), 3 survivors (12288K)
 Metaspace       used 19956K, committed 20288K, reserved 1114112K
  class space    used 2990K, committed 3136K, reserved 1048576K
}
Event: 30.665 GC heap after
{Heap after GC invocations=6 (full 0):
 garbage-first heap   total reserved 8388608K, committed 528384K, used 17960K [0x0000000600000000, 0x0000000800000000)
  region size 4096K, 3 young (12288K), 3 survivors (12288K)
 Metaspace       used 19956K, committed 20288K, reserved 1114112K
  class space    used 2990K, committed 3136K, reserved 1048576K
}
Event: 37.086 GC heap before
{Heap before GC invocations=6 (full 0):
 garbage-first heap   total reserved 8388608K, committed 528384K, used 312872K [0x0000000600000000, 0x0000000800000000)
  region size 4096K, 76 young (311296K), 3 survivors (12288K)
 Metaspace       used 20019K, committed 20352K, reserved 1114112K
  class space    used 2990K, committed 3136K, reserved 1048576K
}
Event: 37.089 GC heap after
{Heap after GC invocations=7 (full 0):
 garbage-first heap   total reserved 8388608K, committed 528384K, used 17663K [0x0000000600000000, 0x0000000800000000)
  region size 4096K, 3 young (12288K), 3 survivors (12288K)
 Metaspace       used 20019K, committed 20352K, reserved 1114112K
  class space    used 2990K, committed 3136K, reserved 1048576K
}
Event: 43.544 GC heap before
{Heap before GC invocations=7 (full 0):
 garbage-first heap   total reserved 8388608K, committed 528384K, used 312575K [0x0000000600000000, 0x0000000800000000)
  region size 4096K, 76 young (311296K), 3 survivors (12288K)
 Metaspace       used 20041K, committed 20352K, reserved 1114112K
  class space    used 2990K, committed 3136K, reserved 1048576K
}
Event: 43.547 GC heap after
{Heap after GC invocations=8 (full 0):
 garbage-first heap   total reserved 8388608K, committed 528384K, used 19481K [0x0000000600000000, 0x0000000800000000)
  region size 4096K, 4 young (16384K), 4 survivors (16384K)
 Metaspace       used 20041K, committed 20352K, reserved 1114112K
  class space    used 2990K, committed 3136K, reserved 1048576K
}
Event: 48.733 GC heap before
{Heap before GC invocations=8 (full 0):
 garbage-first heap   total reserved 8388608K, committed 528384K, used 310297K [0x0000000600000000, 0x0000000800000000)
  region size 4096K, 76 young (311296K), 4 survivors (16384K)
 Metaspace       used 20069K, committed 20416K, reserved 1114112K
  class space    used 2990K, committed 3136K, reserved 1048576K
}
Event: 48.736 GC heap after
{Heap after GC invocations=9 (full 0):
 garbage-first heap   total reserved 8388608K, committed 528384K, used 20181K [0x0000000600000000, 0x0000000800000000)
  region size 4096K, 4 young (16384K), 4 survivors (16384K)
 Metaspace       used 20069K, committed 20416K, reserved 1114112K
  class space    used 2990K, committed 3136K, reserved 1048576K
}
Event: 52.952 GC heap before
{Heap before GC invocations=9 (full 0):
 garbage-first heap   total reserved 8388608K, committed 528384K, used 310997K [0x0000000600000000, 0x0000000800000000)
  region size 4096K, 76 young (311296K), 4 survivors (16384K)
 Metaspace       used 20069K, committed 20416K, reserved 1114112K
  class space    used 2990K, committed 3136K, reserved 1048576K
}
Event: 52.956 GC heap after
{Heap after GC invocations=10 (full 0):
 garbage-first heap   total reserved 8388608K, committed 528384K, used 26295K [0x0000000600000000, 0x0000000800000000)
  region size 4096K, 4 young (16384K), 4 survivors (16384K)
 Metaspace       used 20069K, committed 20416K, reserved 1114112K
  class space    used 2990K, committed 3136K, reserved 1048576K
}
Event: 57.273 GC heap before
{Heap before GC invocations=10 (full 0):
 garbage-first heap   total reserved 8388608K, committed 528384K, used 317111K [0x0000000600000000, 0x0000000800000000)
  region size 4096K, 76 young (311296K), 4 survivors (16384K)
 Metaspace       used 20083K, committed 20416K, reserved 1114112K
  class space    used 2990K, committed 3136K, reserved 1048576K
}
Event: 57.277 GC heap after
{Heap after GC invocations=11 (full 0):
 garbage-first heap   total reserved 8388608K, committed 528384K, used 23643K [0x0000000600000000, 0x0000000800000000)
  region size 4096K, 5 young (20480K), 5 survivors (20480K)
 Metaspace       used 20083K, committed 20416K, reserved 1114112K
  class space    used 2990K, committed 3136K, reserved 1048576K
}

